<?xml version="1.0" encoding="UTF-8"?>
<!-- Generated by org.testng.reporters.JUnitReportReporter -->
<testsuite hostname="AhmedMagamy" failures="0" tests="1" name="tests.Tests" time="30.610" errors="0" timestamp="05 Oct 2021 15:38:48 GMT" skipped="0">
  <testcase classname="tests.Tests" name="tc_1AddNewUserAndVerifyAdded" time="30.610"/>
</testsuite> <!-- tests.Tests -->
